Traceback (most recent call last):
  File "/gpfsm/dnb33/sduan/era5-conus404-analysis/analysis_script.py", line 4, in <module>
    from monthly import generate_monthly_statistics_plots,generate_monthly_temperature_maps,generate_monthly_timeseries
  File "/gpfsm/dnb33/sduan/era5-conus404-analysis/monthly.py", line 2, in <module>
    from plotting import create_map_axis,add_map_features,plot_box,plot_ecdf,plot_qq
  File "/gpfsm/dnb33/sduan/era5-conus404-analysis/plotting.py", line 4, in <module>
    from scipy.stats import ks_2samp, linregress
  File "/gpfsm/dnb33/sduan/venv/lib/python3.12/site-packages/scipy/stats/__init__.py", line 655, in <module>
    from ._mgc import multiscale_graphcorr
  File "/gpfsm/dnb33/sduan/venv/lib/python3.12/site-packages/scipy/stats/_mgc.py", line 7, in <module>
    from scipy.ndimage import _measurements
  File "/gpfsm/dnb33/sduan/venv/lib/python3.12/site-packages/scipy/ndimage/__init__.py", line 157, in <module>
    from ._support_alternative_backends import *
  File "/gpfsm/dnb33/sduan/venv/lib/python3.12/site-packages/scipy/ndimage/_support_alternative_backends.py", line 7, in <module>
    from ._ndimage_api import *   # noqa: F403
    ^^^^^^^^^^^^^^^^^^^^^^^^^^^
  File "/gpfsm/dnb33/sduan/venv/lib/python3.12/site-packages/scipy/ndimage/_ndimage_api.py", line 12, in <module>
    from ._measurements import *   # noqa: F403
    ^^^^^^^^^^^^^^^^^^^^^^^^^^^^
  File "<frozen importlib._bootstrap>", line 1360, in _find_and_load
  File "<frozen importlib._bootstrap>", line 1331, in _find_and_load_unlocked
  File "<frozen importlib._bootstrap>", line 935, in _load_unlocked
  File "<frozen importlib._bootstrap_external>", line 991, in exec_module
  File "<frozen importlib._bootstrap_external>", line 1087, in get_code
  File "<frozen importlib._bootstrap_external>", line 1187, in get_data
KeyboardInterrupt
Starting Comparison...

Processing t2m vs T2...
Processing monthly stats: t2m vs T2...
Processing monthly temperature maps...
Processing monthly timeseries: t2m vs T2...
Processing seasonal stats: t2m vs T2...
Processing seasonal maps: t2m vs T2...
Processing seasonal timeseries: t2m vs T2...

Processing d2m vs TD2...
Processing monthly stats: d2m vs TD2...
Processing monthly temperature maps...
Processing monthly timeseries: d2m vs TD2...
Processing seasonal stats: d2m vs TD2...
Processing seasonal maps: d2m vs TD2...
Processing seasonal timeseries: d2m vs TD2...

Processing sp vs PSFC...
Processing monthly stats: sp vs PSFC...
Processing monthly temperature maps...
Processing monthly timeseries: sp vs PSFC...
Processing seasonal stats: sp vs PSFC...
Processing seasonal maps: sp vs PSFC...
Processing seasonal timeseries: sp vs PSFC...

Processing u10 vs U10...
Processing monthly stats: u10 vs U10...
Processing monthly temperature maps...
Processing monthly timeseries: u10 vs U10...
Processing seasonal stats: u10 vs U10...
Processing seasonal maps: u10 vs U10...
Processing seasonal timeseries: u10 vs U10...

Processing v10 vs V10...
Processing monthly stats: v10 vs V10...
Processing monthly temperature maps...
Processing monthly timeseries: v10 vs V10...
Processing seasonal stats: v10 vs V10...
Processing seasonal maps: v10 vs V10...
Processing seasonal timeseries: v10 vs V10...

Processing lai vs LAI...
Processing monthly stats: lai vs LAI...
Processing monthly temperature maps...
Processing monthly timeseries: lai vs LAI...
Processing seasonal stats: lai vs LAI...
Processing seasonal maps: lai vs LAI...
Processing seasonal timeseries: lai vs LAI...

Processing tp vs ACRAINLSM...
Processing monthly stats: tp vs ACRAINLSM...
Processing monthly temperature maps...
Processing monthly timeseries: tp vs ACRAINLSM...
Processing seasonal stats: tp vs ACRAINLSM...
Processing seasonal maps: tp vs ACRAINLSM...
Processing seasonal timeseries: tp vs ACRAINLSM...
Processing YEARLY data for t2m...
Processing YEARLY data for d2m...
Processing YEARLY data for sp...
Processing YEARLY data for u10...
Processing YEARLY data for v10...
Processing YEARLY data for lai...
Processing YEARLY data for tp...

Comparison Complete.
Starting Comparison...

Processing t2m vs T2...
Processing monthly stats: t2m vs T2...
Processing monthly temperature maps...
Processing monthly timeseries: t2m vs T2...
Processing seasonal stats: t2m vs T2...
Processing seasonal maps: t2m vs T2...
Traceback (most recent call last):
  File "/gpfsm/dnb33/sduan/venv/lib/python3.12/site-packages/xarray/core/dataset.py", line 1231, in _construct_dataarray
    variable = self._variables[name]
               ~~~~~~~~~~~~~~~^^^^^^
KeyError: 't2m'

During handling of the above exception, another exception occurred:

Traceback (most recent call last):
  File "/gpfsm/dnb33/sduan/venv/lib/python3.12/site-packages/xarray/core/dataset.py", line 1338, in __getitem__
    return self._construct_dataarray(key)
           ^^^^^^^^^^^^^^^^^^^^^^^^^^^^^^
  File "/gpfsm/dnb33/sduan/venv/lib/python3.12/site-packages/xarray/core/dataset.py", line 1233, in _construct_dataarray
    _, name, variable = _get_virtual_variable(self._variables, name, self.sizes)
                        ^^^^^^^^^^^^^^^^^^^^^^^^^^^^^^^^^^^^^^^^^^^^^^^^^^^^^^^^
  File "/gpfsm/dnb33/sduan/venv/lib/python3.12/site-packages/xarray/core/dataset_utils.py", line 79, in _get_virtual_variable
    raise KeyError(key)
KeyError: 't2m'

The above exception was the direct cause of the following exception:

Traceback (most recent call last):
  File "/gpfsm/dnb33/sduan/era5-conus404-analysis/analysis_script.py", line 82, in <module>
    main()
  File "/gpfsm/dnb33/sduan/era5-conus404-analysis/analysis_script.py", line 70, in main
    generate_seasonal_maps(era_ds, conus_ds, era_var, conus_var, dirs)
  File "/gpfsm/dnb33/sduan/era5-conus404-analysis/seasonal.py", line 137, in generate_seasonal_maps
    conus_month = trim_to_us(conus_ds[era_var].sel({time_dim: conus_ds[time_dim].dt.month == month}).mean(dim=time_dim), LAT_MIN, LAT_MAX, LON_MIN, LON_MAX, lat_grid=conus_ds[lat_name], lon_grid=conus_ds[lon_name])
                             ~~~~~~~~^^^^^^^^^
  File "/gpfsm/dnb33/sduan/venv/lib/python3.12/site-packages/xarray/core/dataset.py", line 1351, in __getitem__
    raise KeyError(message) from e
KeyError: "No variable named 't2m'. Variables on the dataset include ['T2', 'Q2', 'TD2', 'PSFC', 'ACRAINLSM', ..., 'Z', 'W', 'time', 'lat', 'lon']"
Starting Comparison...

Processing t2m vs T2...
Processing monthly stats: t2m vs T2...
Processing monthly temperature maps...
Processing monthly timeseries: t2m vs T2...
Processing seasonal stats: t2m vs T2...
Processing seasonal maps: t2m vs T2...
Processing seasonal timeseries: t2m vs T2...

Processing d2m vs TD2...
Processing monthly stats: d2m vs TD2...
Processing monthly temperature maps...
Processing monthly timeseries: d2m vs TD2...
Processing seasonal stats: d2m vs TD2...
Processing seasonal maps: d2m vs TD2...
Processing seasonal timeseries: d2m vs TD2...

Processing sp vs PSFC...
Processing monthly stats: sp vs PSFC...
Processing monthly temperature maps...
Processing monthly timeseries: sp vs PSFC...
Processing seasonal stats: sp vs PSFC...
Processing seasonal maps: sp vs PSFC...
Processing seasonal timeseries: sp vs PSFC...

Processing u10 vs U10...
Processing monthly stats: u10 vs U10...
Processing monthly temperature maps...
Processing monthly timeseries: u10 vs U10...
Processing seasonal stats: u10 vs U10...
Processing seasonal maps: u10 vs U10...
Processing seasonal timeseries: u10 vs U10...

Processing v10 vs V10...
Processing monthly stats: v10 vs V10...
Processing monthly temperature maps...
Processing monthly timeseries: v10 vs V10...
Processing seasonal stats: v10 vs V10...
Processing seasonal maps: v10 vs V10...
Processing seasonal timeseries: v10 vs V10...

Processing lai vs LAI...
Processing monthly stats: lai vs LAI...
Processing monthly temperature maps...
Processing monthly timeseries: lai vs LAI...
Processing seasonal stats: lai vs LAI...
Processing seasonal maps: lai vs LAI...
Processing seasonal timeseries: lai vs LAI...

Processing tp vs ACRAINLSM...
Processing monthly stats: tp vs ACRAINLSM...
Processing monthly temperature maps...
Processing monthly timeseries: tp vs ACRAINLSM...
Processing seasonal stats: tp vs ACRAINLSM...
Processing seasonal maps: tp vs ACRAINLSM...
Processing seasonal timeseries: tp vs ACRAINLSM...
Processing YEARLY data for t2m...
Generating single-year annual mean plot for t2m...
Processing YEARLY data for d2m...
Generating single-year annual mean plot for d2m...
Processing YEARLY data for sp...
Generating single-year annual mean plot for sp...
Processing YEARLY data for u10...
Generating single-year annual mean plot for u10...
Processing YEARLY data for v10...
Generating single-year annual mean plot for v10...
Processing YEARLY data for lai...
Generating single-year annual mean plot for lai...
Processing YEARLY data for tp...
Generating single-year annual mean plot for tp...

Comparison Complete.
